  [1m[35m (6.8ms)[0m  [1m[35mCREATE TABLE "schema_migrations" ("version" varchar NOT NULL PRIMARY KEY) /*application='CrmRubysOnRails'*/[0m
  [1m[35m (0.1ms)[0m  [1m[35mCREATE TABLE "ar_internal_metadata" ("key" varchar NOT NULL PRIMARY KEY, "value" varchar, "created_at" datetime(6) NOT NULL, "updated_at" datetime(6) NOT NULL) /*application='CrmRubysOnRails'*/[0m
  [1m[36mActiveRecord::InternalMetadata Load (0.2ms)[0m  [1m[34mSELECT * FROM "ar_internal_metadata" WHERE "ar_internal_metadata"."key" = 'environment' ORDER BY "ar_internal_metadata"."key" ASC LIMIT 1 /*application='CrmRubysOnRails'*/[0m
  [1m[36mActiveRecord::InternalMetadata Create (0.3ms)[0m  [1m[32mINSERT INTO "ar_internal_metadata" ("key", "value", "created_at", "updated_at") VALUES ('environment', 'development', '2025-07-04 21:38:08.022546', '2025-07-04 21:38:08.022550') RETURNING "key" /*application='CrmRubysOnRails'*/[0m
  [1m[36mActiveRecord::SchemaMigration Load (0.1ms)[0m  [1m[34mSELECT "schema_migrations"."version" FROM "schema_migrations" ORDER BY "schema_migrations"."version" ASC /*application='CrmRubysOnRails'*/[0m
Migrating to CreateCustomers (20250704213707)
  [1m[36mTRANSACTION (0.0ms)[0m  [1m[35mBEGIN immediate TRANSACTION /*application='CrmRubysOnRails'*/[0m
  [1m[35m (1.0ms)[0m  [1m[35mCREATE TABLE "customers" ("id" integer PRIMARY KEY AUTOINCREMENT NOT NULL, "full_name" varchar, "phone_number" varchar, "email_address" varchar, "notes" text, "created_at" datetime(6) NOT NULL, "updated_at" datetime(6) NOT NULL) /*application='CrmRubysOnRails'*/[0m
  [1m[36mActiveRecord::SchemaMigration Create (0.1ms)[0m  [1m[32mINSERT INTO "schema_migrations" ("version") VALUES ('20250704213707') RETURNING "version" /*application='CrmRubysOnRails'*/[0m
  [1m[36mTRANSACTION (0.2ms)[0m  [1m[35mCOMMIT TRANSACTION /*application='CrmRubysOnRails'*/[0m
  [1m[36mActiveRecord::SchemaMigration Load (0.0ms)[0m  [1m[34mSELECT "schema_migrations"."version" FROM "schema_migrations" ORDER BY "schema_migrations"."version" ASC /*application='CrmRubysOnRails'*/[0m
  [1m[36mActiveRecord::InternalMetadata Load (0.1ms)[0m  [1m[34mSELECT * FROM "ar_internal_metadata" WHERE "ar_internal_metadata"."key" = 'environment' ORDER BY "ar_internal_metadata"."key" ASC LIMIT 1 /*application='CrmRubysOnRails'*/[0m
  [1m[36mActiveRecord::SchemaMigration Load (0.0ms)[0m  [1m[34mSELECT "schema_migrations"."version" FROM "schema_migrations" ORDER BY "schema_migrations"."version" ASC /*application='CrmRubysOnRails'*/[0m
Migrating to DeviseCreateAdminUsers (20250704213850)
  [1m[36mTRANSACTION (0.0ms)[0m  [1m[35mBEGIN immediate TRANSACTION /*application='CrmRubysOnRails'*/[0m
  [1m[35m (0.9ms)[0m  [1m[35mCREATE TABLE "admin_users" ("id" integer PRIMARY KEY AUTOINCREMENT NOT NULL, "email" varchar DEFAULT '' NOT NULL, "encrypted_password" varchar DEFAULT '' NOT NULL, "reset_password_token" varchar, "reset_password_sent_at" datetime(6), "remember_created_at" datetime(6), "created_at" datetime(6) NOT NULL, "updated_at" datetime(6) NOT NULL) /*application='CrmRubysOnRails'*/[0m
  [1m[35m (0.1ms)[0m  [1m[35mCREATE UNIQUE INDEX "index_admin_users_on_email" ON "admin_users" ("email") /*application='CrmRubysOnRails'*/[0m
  [1m[35m (0.3ms)[0m  [1m[35mCREATE UNIQUE INDEX "index_admin_users_on_reset_password_token" ON "admin_users" ("reset_password_token") /*application='CrmRubysOnRails'*/[0m
  [1m[36mActiveRecord::SchemaMigration Create (0.1ms)[0m  [1m[32mINSERT INTO "schema_migrations" ("version") VALUES ('20250704213850') RETURNING "version" /*application='CrmRubysOnRails'*/[0m
  [1m[36mTRANSACTION (8.4ms)[0m  [1m[35mCOMMIT TRANSACTION /*application='CrmRubysOnRails'*/[0m
Migrating to CreateActiveAdminComments (20250704213851)
  [1m[36mTRANSACTION (0.1ms)[0m  [1m[35mBEGIN immediate TRANSACTION /*application='CrmRubysOnRails'*/[0m
  [1m[35m (1.5ms)[0m  [1m[35mCREATE TABLE "active_admin_comments" ("id" integer PRIMARY KEY AUTOINCREMENT NOT NULL, "namespace" varchar, "body" text, "resource_type" varchar, "resource_id" integer, "author_type" varchar, "author_id" integer, "created_at" datetime(6) NOT NULL, "updated_at" datetime(6) NOT NULL) /*application='CrmRubysOnRails'*/[0m
  [1m[35m (0.1ms)[0m  [1m[35mCREATE INDEX "index_active_admin_comments_on_resource" ON "active_admin_comments" ("resource_type", "resource_id") /*application='CrmRubysOnRails'*/[0m
  [1m[35m (0.1ms)[0m  [1m[35mCREATE INDEX "index_active_admin_comments_on_author" ON "active_admin_comments" ("author_type", "author_id") /*application='CrmRubysOnRails'*/[0m
  [1m[35m (0.1ms)[0m  [1m[35mCREATE INDEX "index_active_admin_comments_on_namespace" ON "active_admin_comments" ("namespace") /*application='CrmRubysOnRails'*/[0m
  [1m[36mActiveRecord::SchemaMigration Create (0.1ms)[0m  [1m[32mINSERT INTO "schema_migrations" ("version") VALUES ('20250704213851') RETURNING "version" /*application='CrmRubysOnRails'*/[0m
  [1m[36mTRANSACTION (0.1ms)[0m  [1m[35mCOMMIT TRANSACTION /*application='CrmRubysOnRails'*/[0m
  [1m[36mActiveRecord::SchemaMigration Load (0.1ms)[0m  [1m[34mSELECT "schema_migrations"."version" FROM "schema_migrations" ORDER BY "schema_migrations"."version" ASC /*application='CrmRubysOnRails'*/[0m
  [1m[36mActiveRecord::SchemaMigration Load (0.1ms)[0m  [1m[34mSELECT "schema_migrations"."version" FROM "schema_migrations" ORDER BY "schema_migrations"."version" ASC /*application='CrmRubysOnRails'*/[0m
  [1m[36mTRANSACTION (0.1ms)[0m  [1m[35mBEGIN immediate TRANSACTION /*application='CrmRubysOnRails'*/[0m
  [1m[36mAdminUser Exists? (1.2ms)[0m  [1m[34mSELECT 1 AS one FROM "admin_users" WHERE "admin_users"."email" = 'admin@example.com' LIMIT 1 /*application='CrmRubysOnRails'*/[0m
  [1m[36mAdminUser Create (0.2ms)[0m  [1m[32mINSERT INTO "admin_users" ("email", "encrypted_password", "reset_password_token", "reset_password_sent_at", "remember_created_at", "created_at", "updated_at") VALUES ('admin@example.com', '$2a$12$YA9keb5Ea5n729xf9YRxruqFgmw3c8Nbgvfhtu2pDYyObJ42OUn8y', NULL, NULL, NULL, '2025-07-04 21:39:02.548280', '2025-07-04 21:39:02.548280') RETURNING "id" /*application='CrmRubysOnRails'*/[0m
  [1m[36mTRANSACTION (9.0ms)[0m  [1m[35mCOMMIT TRANSACTION /*application='CrmRubysOnRails'*/[0m
  [1m[36mActiveRecord::InternalMetadata Load (0.1ms)[0m  [1m[34mSELECT * FROM "ar_internal_metadata" WHERE "ar_internal_metadata"."key" = 'environment' ORDER BY "ar_internal_metadata"."key" ASC LIMIT 1 /*application='CrmRubysOnRails'*/[0m
  [1m[36mActiveRecord::SchemaMigration Load (0.1ms)[0m  [1m[34mSELECT "schema_migrations"."version" FROM "schema_migrations" ORDER BY "schema_migrations"."version" ASC /*application='CrmRubysOnRails'*/[0m
Migrating to CreateActiveStorageTables (20250704213917)
  [1m[36mTRANSACTION (0.0ms)[0m  [1m[35mBEGIN immediate TRANSACTION /*application='CrmRubysOnRails'*/[0m
  [1m[35m (1.1ms)[0m  [1m[35mCREATE TABLE "active_storage_blobs" ("id" integer PRIMARY KEY AUTOINCREMENT NOT NULL, "key" varchar NOT NULL, "filename" varchar NOT NULL, "content_type" varchar, "metadata" text, "service_name" varchar NOT NULL, "byte_size" bigint NOT NULL, "checksum" varchar, "created_at" datetime(6) NOT NULL) /*application='CrmRubysOnRails'*/[0m
  [1m[35m (0.1ms)[0m  [1m[35mCREATE UNIQUE INDEX "index_active_storage_blobs_on_key" ON "active_storage_blobs" ("key") /*application='CrmRubysOnRails'*/[0m
  [1m[35m (0.1ms)[0m  [1m[35mCREATE TABLE "active_storage_attachments" ("id" integer PRIMARY KEY AUTOINCREMENT NOT NULL, "name" varchar NOT NULL, "record_type" varchar NOT NULL, "record_id" bigint NOT NULL, "blob_id" bigint NOT NULL, "created_at" datetime(6) NOT NULL, CONSTRAINT "fk_rails_c3b3935057"
FOREIGN KEY ("blob_id")
  REFERENCES "active_storage_blobs" ("id")
) /*application='CrmRubysOnRails'*/[0m
  [1m[35m (0.1ms)[0m  [1m[35mCREATE INDEX "index_active_storage_attachments_on_blob_id" ON "active_storage_attachments" ("blob_id") /*application='CrmRubysOnRails'*/[0m
  [1m[35m (0.1ms)[0m  [1m[35mCREATE UNIQUE INDEX "index_active_storage_attachments_uniqueness" ON "active_storage_attachments" ("record_type", "record_id", "name", "blob_id") /*application='CrmRubysOnRails'*/[0m
  [1m[35m (0.2ms)[0m  [1m[35mCREATE TABLE "active_storage_variant_records" ("id" integer PRIMARY KEY AUTOINCREMENT NOT NULL, "blob_id" bigint NOT NULL, "variation_digest" varchar NOT NULL, CONSTRAINT "fk_rails_993965df05"
FOREIGN KEY ("blob_id")
  REFERENCES "active_storage_blobs" ("id")
) /*application='CrmRubysOnRails'*/[0m
  [1m[35m (0.1ms)[0m  [1m[35mCREATE UNIQUE INDEX "index_active_storage_variant_records_uniqueness" ON "active_storage_variant_records" ("blob_id", "variation_digest") /*application='CrmRubysOnRails'*/[0m
  [1m[36mActiveRecord::SchemaMigration Create (0.2ms)[0m  [1m[32mINSERT INTO "schema_migrations" ("version") VALUES ('20250704213917') RETURNING "version" /*application='CrmRubysOnRails'*/[0m
  [1m[36mTRANSACTION (8.9ms)[0m  [1m[35mCOMMIT TRANSACTION /*application='CrmRubysOnRails'*/[0m
  [1m[36mActiveRecord::SchemaMigration Load (0.1ms)[0m  [1m[34mSELECT "schema_migrations"."version" FROM "schema_migrations" ORDER BY "schema_migrations"."version" ASC /*application='CrmRubysOnRails'*/[0m
  [1m[36mTRANSACTION (0.1ms)[0m  [1m[35mBEGIN immediate TRANSACTION /*application='CrmRubysOnRails'*/[0m
  [1m[36mAdminUser Exists? (0.4ms)[0m  [1m[34mSELECT 1 AS one FROM "admin_users" WHERE "admin_users"."email" = 'admin@example.com' LIMIT 1 /*application='CrmRubysOnRails'*/[0m
  [1m[36mTRANSACTION (0.1ms)[0m  [1m[31mROLLBACK TRANSACTION /*application='CrmRubysOnRails'*/[0m
Started GET "/" for 127.0.0.1 at 2025-07-04 16:40:16 -0500
  [1m[36mActiveRecord::SchemaMigration Load (0.1ms)[0m  [1m[34mSELECT "schema_migrations"."version" FROM "schema_migrations" ORDER BY "schema_migrations"."version" ASC /*application='CrmRubysOnRails'*/[0m
Processing by Rails::WelcomeController#index as HTML
  Rendering /home/ywang/.rbenv/versions/3.3.8/lib/ruby/gems/3.3.0/gems/railties-8.0.2/lib/rails/templates/rails/welcome/index.html.erb
  Rendered /home/ywang/.rbenv/versions/3.3.8/lib/ruby/gems/3.3.0/gems/railties-8.0.2/lib/rails/templates/rails/welcome/index.html.erb (Duration: 0.8ms | GC: 0.0ms)
Completed 200 OK in 53ms (Views: 5.5ms | ActiveRecord: 0.0ms (0 queries, 0 cached) | GC: 0.0ms)


  [1m[36mActiveRecord::SchemaMigration Load (0.1ms)[0m  [1m[34mSELECT "schema_migrations"."version" FROM "schema_migrations" ORDER BY "schema_migrations"."version" ASC /*application='CrmRubysOnRails'*/[0m
  [1m[36mTRANSACTION (0.1ms)[0m  [1m[35mBEGIN immediate TRANSACTION /*application='CrmRubysOnRails'*/[0m
  [1m[36mAdminUser Exists? (5.9ms)[0m  [1m[34mSELECT 1 AS one FROM "admin_users" WHERE "admin_users"."email" = 'admin@example.com' LIMIT 1 /*application='CrmRubysOnRails'*/[0m
  [1m[36mTRANSACTION (0.1ms)[0m  [1m[31mROLLBACK TRANSACTION /*application='CrmRubysOnRails'*/[0m
  [1m[36mTRANSACTION (0.0ms)[0m  [1m[35mBEGIN immediate TRANSACTION /*application='CrmRubysOnRails'*/[0m
  [1m[36mCustomer Create (1.2ms)[0m  [1m[32mINSERT INTO "customers" ("full_name", "phone_number", "email_address", "notes", "created_at", "updated_at") VALUES ('John Smith', '555-0123', 'john.smith@email.com', 'Great customer, always pays on time. Prefers email communication.', '2025-07-04 21:40:56.720657', '2025-07-04 21:40:56.720657') RETURNING "id" /*application='CrmRubysOnRails'*/[0m
  [1m[36mTRANSACTION (8.5ms)[0m  [1m[35mCOMMIT TRANSACTION /*application='CrmRubysOnRails'*/[0m
  [1m[36mTRANSACTION (0.0ms)[0m  [1m[35mBEGIN immediate TRANSACTION /*application='CrmRubysOnRails'*/[0m
  [1m[36mCustomer Create (0.9ms)[0m  [1m[32mINSERT INTO "customers" ("full_name", "phone_number", "email_address", "notes", "created_at", "updated_at") VALUES ('Sarah Johnson', '555-0456', '', 'New customer, interested in premium services. Follow up needed.', '2025-07-04 21:40:56.732344', '2025-07-04 21:40:56.732344') RETURNING "id" /*application='CrmRubysOnRails'*/[0m
  [1m[36mTRANSACTION (0.1ms)[0m  [1m[35mCOMMIT TRANSACTION /*application='CrmRubysOnRails'*/[0m
  [1m[36mTRANSACTION (0.0ms)[0m  [1m[35mBEGIN immediate TRANSACTION /*application='CrmRubysOnRails'*/[0m
  [1m[36mCustomer Create (0.8ms)[0m  [1m[32mINSERT INTO "customers" ("full_name", "phone_number", "email_address", "notes", "created_at", "updated_at") VALUES ('Michael Brown', '555-0789', 'mike.brown@company.com', 'Corporate account manager. Handles bulk orders.', '2025-07-04 21:40:56.734637', '2025-07-04 21:40:56.734637') RETURNING "id" /*application='CrmRubysOnRails'*/[0m
  [1m[36mTRANSACTION (0.1ms)[0m  [1m[35mCOMMIT TRANSACTION /*application='CrmRubysOnRails'*/[0m
  [1m[36mTRANSACTION (0.0ms)[0m  [1m[35mBEGIN immediate TRANSACTION /*application='CrmRubysOnRails'*/[0m
  [1m[36mCustomer Create (0.7ms)[0m  [1m[32mINSERT INTO "customers" ("full_name", "phone_number", "email_address", "notes", "created_at", "updated_at") VALUES ('Emily Davis', '555-0321', '', 'VIP customer. Prefers phone contact over email.', '2025-07-04 21:40:56.736788', '2025-07-04 21:40:56.736788') RETURNING "id" /*application='CrmRubysOnRails'*/[0m
  [1m[36mTRANSACTION (0.1ms)[0m  [1m[35mCOMMIT TRANSACTION /*application='CrmRubysOnRails'*/[0m
  [1m[36mTRANSACTION (0.0ms)[0m  [1m[35mBEGIN immediate TRANSACTION /*application='CrmRubysOnRails'*/[0m
  [1m[36mCustomer Create (0.9ms)[0m  [1m[32mINSERT INTO "customers" ("full_name", "phone_number", "email_address", "notes", "created_at", "updated_at") VALUES ('Robert Wilson', '555-0654', 'rob.wilson@email.com', 'Regular customer for 3 years. Very satisfied with services.', '2025-07-04 21:40:56.739033', '2025-07-04 21:40:56.739033') RETURNING "id" /*application='CrmRubysOnRails'*/[0m
  [1m[36mTRANSACTION (0.1ms)[0m  [1m[35mCOMMIT TRANSACTION /*application='CrmRubysOnRails'*/[0m
